[debug] [2026-03-10T00:02:32.498Z] ----------------------------------------------------------------------
[debug] [2026-03-10T00:02:32.505Z] Command:       C:\Program Files\nodejs\node.exe C:\Users\saubh\AppData\Roaming\npm\node_modules\firebase-tools\lib\bin\firebase.js init
[debug] [2026-03-10T00:02:32.506Z] CLI Version:   15.9.1
[debug] [2026-03-10T00:02:32.506Z] Platform:      win32
[debug] [2026-03-10T00:02:32.507Z] Node Version:  v24.14.0
[debug] [2026-03-10T00:02:32.507Z] Time:          Tue Mar 10 2026 05:32:32 GMT+0530 (India Standard Time)
[debug] [2026-03-10T00:02:32.507Z] ----------------------------------------------------------------------
[debug] 
[info] 
     ######## #### ########  ######## ########     ###     ######  ########
     ##        ##  ##     ## ##       ##     ##  ##   ##  ##       ##
     ######    ##  ########  ######   ########  #########  ######  ######
     ##        ##  ##    ##  ##       ##     ## ##     ##       ## ##
     ##       #### ##     ## ######## ########  ##     ##  ######  ########

You're about to initialize a Firebase project in this directory:

  D:\ai-moderation\ai-moderation-frontend\peerspace-frontend

[info] 
=== Project Setup
[info] 
[info] First, let's associate this project directory with a Firebase project.
[info] You can create multiple project aliases by running firebase use --add, 
[info] 
[debug] [2026-03-10T00:03:07.039Z] > command requires scopes: ["email","openid","https://www.googleapis.com/auth/cloudplatformprojects.readonly","https://www.googleapis.com/auth/firebase","https://www.googleapis.com/auth/cloud-platform"]
[debug] [2026-03-10T00:03:07.040Z] > authorizing via signed-in user (saubhagya700@gmail.com)
[debug] [2026-03-10T00:03:07.041Z] Checked if tokens are valid: true, expires at: 1773104467014
[debug] [2026-03-10T00:03:07.041Z] Checked if tokens are valid: true, expires at: 1773104467014
[debug] [2026-03-10T00:03:07.042Z] >>> [apiv2][query] GET https://firebase.googleapis.com/v1beta1/projects/ai-moderator-b59b5 [none]
[debug] [2026-03-10T00:03:07.923Z] <<< [apiv2][status] GET https://firebase.googleapis.com/v1beta1/projects/ai-moderator-b59b5 200
[debug] [2026-03-10T00:03:07.923Z] <<< [apiv2][body] GET https://firebase.googleapis.com/v1beta1/projects/ai-moderator-b59b5 {"projectId":"ai-moderator-b59b5","projectNumber":"794820900293","displayName":"AI Moderator","name":"projects/ai-moderator-b59b5","resources":{"hostingSite":"ai-moderator-b59b5"},"state":"ACTIVE","etag":"1_41e43a2c-2d78-4869-b8a5-af1744496658"}
[info] i  Using project ai-moderator-b59b5 (AI Moderator) . 
[info] 
=== Hosting Setup
[debug] [2026-03-10T00:03:07.938Z] Checked if tokens are valid: true, expires at: 1773104467014
[debug] [2026-03-10T00:03:07.938Z] Checked if tokens are valid: true, expires at: 1773104467014
[debug] [2026-03-10T00:03:07.938Z] >>> [apiv2][query] GET https://firebase.googleapis.com/v1beta1/projects/ai-moderator-b59b5 [none]
[debug] [2026-03-10T00:03:08.430Z] <<< [apiv2][status] GET https://firebase.googleapis.com/v1beta1/projects/ai-moderator-b59b5 200
[debug] [2026-03-10T00:03:08.430Z] <<< [apiv2][body] GET https://firebase.googleapis.com/v1beta1/projects/ai-moderator-b59b5 {"projectId":"ai-moderator-b59b5","projectNumber":"794820900293","displayName":"AI Moderator","name":"projects/ai-moderator-b59b5","resources":{"hostingSite":"ai-moderator-b59b5"},"state":"ACTIVE","etag":"1_41e43a2c-2d78-4869-b8a5-af1744496658"}
[info] 
[info] Your public directory is the folder (relative to your project directory) that
[info] will contain Hosting assets to be uploaded with firebase deploy. If you
[info] have a build process for your assets, use your build's output directory.
[info] 
[info] 
[info] i  Detected a .git folder at D:\ai-moderation\ai-moderation-frontend\peerspace-frontend 
[info] i  Authorizing with GitHub to upload your service account to a GitHub repository's secrets store. 
[info] 
[info] Visit this URL on this device to log in:
[info] https://github.com/login/oauth/authorize?client_id=89cf50f02ac6aaed3484&state=633580871&redirect_uri=http%3A%2F%2Flocalhost%3A9005&scope=read%3Auser%20repo%20public_repo
[info] 
[info] Waiting for authentication...
[debug] [2026-03-10T00:03:40.963Z] >>> [apiv2][query] POST https://github.com/login/oauth/access_token [none]
[debug] [2026-03-10T00:03:40.963Z] >>> [apiv2][body] POST https://github.com/login/oauth/access_token [stream]
[debug] [2026-03-10T00:03:43.443Z] <<< [apiv2][status] POST https://github.com/login/oauth/access_token 200
[debug] [2026-03-10T00:03:43.444Z] <<< [apiv2][body] POST https://github.com/login/oauth/access_token {"access_token":"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","token_type":"bearer","scope":"read:user,repo"}
[debug] [2026-03-10T00:03:43.454Z] >>> [apiv2][query] GET https://api.github.com/user [none]
[debug] [2026-03-10T00:03:45.050Z] <<< [apiv2][status] GET https://api.github.com/user 200
[debug] [2026-03-10T00:03:45.051Z] <<< [apiv2][body] GET https://api.github.com/user {"login":"SAUBHGYA7","id":88571622,"node_id":"MDQ6VXNlcjg4NTcxNjIy","avatar_url":"https://avatars.githubusercontent.com/u/88571622?v=4","gravatar_id":"","url":"https://api.github.com/users/SAUBHGYA7","html_url":"https://github.com/SAUBHGYA7","followers_url":"https://api.github.com/users/SAUBHGYA7/followers","following_url":"https://api.github.com/users/SAUBHGYA7/following{/other_user}","gists_url":"https://api.github.com/users/SAUBHGYA7/gists{/gist_id}","starred_url":"https://api.github.com/users/SAUBHGYA7/starred{/owner}{/repo}","subscriptions_url":"https://api.github.com/users/SAUBHGYA7/subscriptions","organizations_url":"https://api.github.com/users/SAUBHGYA7/orgs","repos_url":"https://api.github.com/users/SAUBHGYA7/repos","events_url":"https://api.github.com/users/SAUBHGYA7/events{/privacy}","received_events_url":"https://api.github.com/users/SAUBHGYA7/received_events","type":"User","user_view_type":"private","site_admin":false,"name":null,"company":null,"blog":"","location":null,"email":null,"hireable":null,"bio":null,"twitter_username":null,"notification_email":null,"public_repos":4,"public_gists":0,"followers":0,"following":0,"created_at":"2021-08-07T05:18:24Z","updated_at":"2021-08-07T05:18:24Z","private_gists":0,"total_private_repos":0,"owned_private_repos":0,"disk_usage":4120,"collaborators":0,"two_factor_authentication":false,"plan":{"name":"free","space":976562499,"collaborators":0,"private_repos":10000}}
[info] 
[info] +  Success! Logged into GitHub as SAUBHGYA7 
[info] 
[debug] [2026-03-10T00:03:56.532Z] >>> [apiv2][query] GET https://api.github.com/repos//actions/secrets/public-key type=owner
[debug] [2026-03-10T00:03:58.087Z] <<< [apiv2][status] GET https://api.github.com/repos//actions/secrets/public-key 404
[debug] [2026-03-10T00:03:58.088Z] <<< [apiv2][body] GET https://api.github.com/repos//actions/secrets/public-key {"message":"Not Found","documentation_url":"https://docs.github.com/rest","status":"404"}
[info] 
[info] 
[error] !  The provided authorization cannot be used with this repository. If this repository is in an organization, did you remember to grant access? 
[info] 
[info] i  Action required: Visit this URL to ensure access has been granted to the appropriate organization(s) for the Firebase CLI GitHub OAuth App: 
[info] https://github.com/settings/connections/applications/89cf50f02ac6aaed3484
[info] 
[debug] [2026-03-10T02:20:01.668Z] >>> [apiv2][query] GET https://api.github.com/repos/gg/actions/secrets/public-key type=owner
[debug] [2026-03-10T02:20:03.964Z] <<< [apiv2][status] GET https://api.github.com/repos/gg/actions/secrets/public-key 404
[debug] [2026-03-10T02:20:03.965Z] <<< [apiv2][body] GET https://api.github.com/repos/gg/actions/secrets/public-key {"message":"Not Found","documentation_url":"https://docs.github.com/rest","status":"404"}
[info] 
[info] 
[error] !  The provided authorization cannot be used with this repository. If this repository is in an organization, did you remember to grant access? 
[info] 
[info] i  Action required: Visit this URL to ensure access has been granted to the appropriate organization(s) for the Firebase CLI GitHub OAuth App: 
[info] https://github.com/settings/connections/applications/89cf50f02ac6aaed3484
[info] 
[debug] [2026-03-10T02:20:10.217Z] >>> [apiv2][query] GET https://api.github.com/repos/user/actions/secrets/public-key type=owner
[debug] [2026-03-10T02:20:10.809Z] <<< [apiv2][status] GET https://api.github.com/repos/user/actions/secrets/public-key 404
[debug] [2026-03-10T02:20:10.810Z] <<< [apiv2][body] GET https://api.github.com/repos/user/actions/secrets/public-key {"message":"Not Found","documentation_url":"https://docs.github.com/rest","status":"404"}
[info] 
[info] 
[error] !  The provided authorization cannot be used with this repository. If this repository is in an organization, did you remember to grant access? 
[info] 
[info] i  Action required: Visit this URL to ensure access has been granted to the appropriate organization(s) for the Firebase CLI GitHub OAuth App: 
[info] https://github.com/settings/connections/applications/89cf50f02ac6aaed3484
[info] 
